Build started 2015/5/13 13:26:24.
     1>Project "F:\GitHub\ServerFrameWork\LoginGate\LoginGate.vcxproj" on node 2 (build target(s)).
     1>InitializeBuildStatus:
         Creating "Debug\LoginGate.unsuccessfulbuild" because "AlwaysCreate" was specified.
       ClCompile:
         C:\Program Files\Microsoft Visual Studio 10.0\VC\bin\CL.exe /c /ZI /nologo /W3 /WX- /Od /Oy- /D WIN32 /D _DEBUG /D _CONSOLE /D _MBCS /Gm /EHsc /RTC1 /MDd /GS /fp:precise /Zc:wchar_t /Zc:forScope /Fo"Debug\\" /Fd"Debug\vc100.pdb" /Gd /TP /analyze- /errorReport:prompt ..\Common\Connector.cpp ..\Common\ServerSockHandler.cpp LoginGate.cpp ServerSockMsg.cpp main.cpp
         {{xgTaskID=00000005}}
         Connector.cpp
     1>f:\github\serverframework\common\cpool.h(56): warning C4018: '<' : signed/unsigned mismatch
                 f:\github\serverframework\common\cpool.h(53) : while compiling class template member function 'void CPool<T>::Create(void)'
                 with
                 [
                     T=OVERLAPPEDEX
                 ]
                 f:\github\serverframework\common\cpool.h(38) : while compiling class template member function 'CPool<T>::CPool(int)'
                 with
                 [
                     T=OVERLAPPEDEX
                 ]
                 f:\github\serverframework\common\connector.cpp(25) : see reference to class template instantiation 'CPool<T>' being compiled
                 with
                 [
                     T=OVERLAPPEDEX
                 ]
     1>f:\github\serverframework\common\cpool.h(69): warning C4018: '<' : signed/unsigned mismatch
                 f:\github\serverframework\common\cpool.h(66) : while compiling class template member function 'void CPool<T>::Step(void)'
                 with
                 [
                     T=OVERLAPPEDEX
                 ]
         {{xgTaskID=00000000}}
         {{xgTaskID=00000006}}
         ServerSockHandler.cpp
         {{xgTaskID=00000000}}
         {{xgTaskID=00000007}}
         LoginGate.cpp
     1>f:\github\serverframework\logingate\logingate.cpp(370): warning C4018: '<' : signed/unsigned mismatch
     1>f:\github\serverframework\logingate\logingate.cpp(637): warning C4018: '<' : signed/unsigned mismatch
     1>f:\github\serverframework\common\cpool.h(56): warning C4018: '<' : signed/unsigned mismatch
                 f:\github\serverframework\common\cpool.h(53) : while compiling class template member function 'void CPool<T>::Create(void)'
                 with
                 [
                     T=TIOBUFF
                 ]
                 f:\github\serverframework\common\cpool.h(38) : while compiling class template member function 'CPool<T>::CPool(int)'
                 with
                 [
                     T=TIOBUFF
                 ]
                 f:\github\serverframework\logingate\logingate.cpp(274) : see reference to class template instantiation 'CPool<T>' being compiled
                 with
                 [
                     T=TIOBUFF
                 ]
     1>f:\github\serverframework\common\cpool.h(69): warning C4018: '<' : signed/unsigned mismatch
                 f:\github\serverframework\common\cpool.h(66) : while compiling class template member function 'void CPool<T>::Step(void)'
                 with
                 [
                     T=TIOBUFF
                 ]
     1>f:\github\serverframework\common\cpool.h(56): warning C4018: '<' : signed/unsigned mismatch
                 f:\github\serverframework\common\cpool.h(53) : while compiling class template member function 'void CPool<T>::Create(void)'
                 with
                 [
                     T=OVERLAPPEDEX
                 ]
                 f:\github\serverframework\common\cpool.h(38) : while compiling class template member function 'CPool<T>::CPool(int)'
                 with
                 [
                     T=OVERLAPPEDEX
                 ]
                 f:\github\serverframework\logingate\logingate.cpp(278) : see reference to class template instantiation 'CPool<T>' being compiled
                 with
                 [
                     T=OVERLAPPEDEX
                 ]
     1>f:\github\serverframework\common\cpool.h(69): warning C4018: '<' : signed/unsigned mismatch
                 f:\github\serverframework\common\cpool.h(66) : while compiling class template member function 'void CPool<T>::Step(void)'
                 with
                 [
                     T=OVERLAPPEDEX
                 ]
         {{xgTaskID=00000000}}
         {{xgTaskID=00000009}}
         main.cpp
         {{xgTaskID=00000000}}
         {{xgTaskID=00000008}}
         ServerSockMsg.cpp
         {{xgTaskID=00000000}}
       ManifestResourceCompile:
         All outputs are up-to-date.
       Link:
         C:\Program Files\Microsoft Visual Studio 10.0\VC\bin\link.exe /ERRORREPORT:PROMPT /OUT:"F:\GitHub\ServerFrameWork\Debug\LoginGate.exe" /INCREMENTAL /NOLOGO kernel32.lib user32.lib gdi32.lib winspool.lib comdlg32.lib advapi32.lib shell32.lib ole32.lib oleaut32.lib uuid.lib odbc32.lib odbccp32.lib /MANIFEST /ManifestFile:"Debug\LoginGate.exe.intermediate.manifest" /MANIFESTUAC:"level='asInvoker' uiAccess='false'" /DEBUG /PDB:"F:\GitHub\ServerFrameWork\Debug\LoginGate.pdb" /SUBSYSTEM:CONSOLE /TLBID:1 /DYNAMICBASE /NXCOMPAT /IMPLIB:"F:\GitHub\ServerFrameWork\Debug\LoginGate.lib" /MACHINE:X86 Debug\LoginGate.exe.embed.manifest.res
         Debug\Connector.obj
         Debug\Gen.obj
         Debug\GlobalDefine.obj
         Debug\Log.obj
         Debug\MsWinsockUtil.obj
         Debug\ServerSockHandler.obj
         Debug\TimeControl.obj
         Debug\ClientSockMsg.obj
         Debug\LoginGate.obj
         Debug\main.obj
         Debug\ServerSockMsg.obj
         {{xgTaskID=0000000D}}
         
         {{xgTaskID=00000000}}
       Manifest:
         C:\Program Files\Microsoft SDKs\Windows\v7.0A\bin\mt.exe /nologo /verbose /out:"Debug\LoginGate.exe.embed.manifest" /manifest Debug\LoginGate.exe.intermediate.manifest
         {{xgTaskID=0000000F}}
         
         {{xgTaskID=00000000}}
         All outputs are up-to-date.
       LinkEmbedManifest:
         All outputs are up-to-date.
         LoginGate.vcxproj -> F:\GitHub\ServerFrameWork\Debug\LoginGate.exe
       FinalizeBuildStatus:
         Deleting file "Debug\LoginGate.unsuccessfulbuild".
         Touching "Debug\LoginGate.lastbuildstate".
     1>Done Building Project "F:\GitHub\ServerFrameWork\LoginGate\LoginGate.vcxproj" (build target(s)).

Build succeeded.

Time Elapsed 00:00:02.99
