F:\GITHUB\SERVERFRAMEWORK\DEBUG\LOGINGATE.EXE
F:\GITHUB\SERVERFRAMEWORK\DEBUG\LOGINGATE.ILK
F:\GITHUB\SERVERFRAMEWORK\DEBUG\LOGINGATE.PDB
F:\GitHub\ServerFrameWork\LoginGate\Debug\cl.command.1.tlog
F:\GitHub\ServerFrameWork\LoginGate\Debug\CL.read.1.tlog
F:\GitHub\ServerFrameWork\LoginGate\Debug\CL.write.1.tlog
F:\GITHUB\SERVERFRAMEWORK\LOGINGATE\DEBUG\CLIENTSOCKMSG.OBJ
F:\GITHUB\SERVERFRAMEWORK\LOGINGATE\DEBUG\CONNECTOR.OBJ
F:\GITHUB\SERVERFRAMEWORK\LOGINGATE\DEBUG\GEN.OBJ
F:\GITHUB\SERVERFRAMEWORK\LOGINGATE\DEBUG\GLOBALDEFINE.OBJ
F:\GitHub\ServerFrameWork\LoginGate\Debug\link.8672.read.1.tlog
F:\GitHub\ServerFrameWork\LoginGate\Debug\link.8672.write.1.tlog
F:\GitHub\ServerFrameWork\LoginGate\Debug\link.8672-cvtres.read.1.tlog
F:\GitHub\ServerFrameWork\LoginGate\Debug\link.8672-cvtres.write.1.tlog
F:\GitHub\ServerFrameWork\LoginGate\Debug\link.command.1.tlog
F:\GitHub\ServerFrameWork\LoginGate\Debug\link.read.1.tlog
F:\GitHub\ServerFrameWork\LoginGate\Debug\link.write.1.tlog
F:\GitHub\ServerFrameWork\LoginGate\Debug\link-cvtres.read.1.tlog
F:\GitHub\ServerFrameWork\LoginGate\Debug\link-cvtres.write.1.tlog
F:\GITHUB\SERVERFRAMEWORK\LOGINGATE\DEBUG\LOG.OBJ
F:\GITHUB\SERVERFRAMEWORK\LOGINGATE\DEBUG\LOGINGATE.EXE.EMBED.MANIFEST
F:\GITHUB\SERVERFRAMEWORK\LOGINGATE\DEBUG\LOGINGATE.EXE.EMBED.MANIFEST.RES
F:\GITHUB\SERVERFRAMEWORK\LOGINGATE\DEBUG\LOGINGATE.EXE.INTERMEDIATE.MANIFEST
F:\GITHUB\SERVERFRAMEWORK\LOGINGATE\DEBUG\LOGINGATE.OBJ
F:\GitHub\ServerFrameWork\LoginGate\Debug\LoginGate.vcxprojResolveAssemblyReference.cache
F:\GitHub\ServerFrameWork\LoginGate\Debug\LoginGate.write.1.tlog
F:\GitHub\ServerFrameWork\LoginGate\Debug\LoginGate_manifest.rc
F:\GITHUB\SERVERFRAMEWORK\LOGINGATE\DEBUG\MAIN.OBJ
F:\GITHUB\SERVERFRAMEWORK\LOGINGATE\DEBUG\MSWINSOCKUTIL.OBJ
F:\GitHub\ServerFrameWork\LoginGate\Debug\mt.command.1.tlog
F:\GitHub\ServerFrameWork\LoginGate\Debug\mt.read.1.tlog
F:\GitHub\ServerFrameWork\LoginGate\Debug\mt.write.1.tlog
F:\GitHub\ServerFrameWork\LoginGate\Debug\rc.command.1.tlog
F:\GitHub\ServerFrameWork\LoginGate\Debug\rc.read.1.tlog
F:\GitHub\ServerFrameWork\LoginGate\Debug\rc.write.1.tlog
F:\GITHUB\SERVERFRAMEWORK\LOGINGATE\DEBUG\SERVERSOCKHANDLER.OBJ
F:\GITHUB\SERVERFRAMEWORK\LOGINGATE\DEBUG\SERVERSOCKMSG.OBJ
F:\GITHUB\SERVERFRAMEWORK\LOGINGATE\DEBUG\TIMECONTROL.OBJ
F:\GitHub\ServerFrameWork\LoginGate\Debug\vc100.idb
F:\GITHUB\SERVERFRAMEWORK\LOGINGATE\DEBUG\VC100.PDB
